2022-07-09 20:51:57,265 - INFO - views - views.py - Logout. Redirect to login, class: LogOut
2022-07-09 20:51:57,295 - INFO - utils - utils.py - get_context. class: DataMixin
2022-07-09 20:52:00,319 - INFO - views - views.py - Login user. Redirect to home, class: LoginUser
2022-07-09 20:52:00,344 - INFO - utils - utils.py - get_context. class: DataMixin
2022-07-09 20:52:00,344 - INFO - views - views.py - To index.html page. class: CourseHome
2022-07-09 20:52:01,608 - INFO - views - views.py - Query, class: CourseList
2022-07-09 20:52:01,623 - INFO - utils - utils.py - get_context. class: DataMixin
2022-07-09 20:52:05,074 - INFO - utils - utils.py - get_context. class: DataMixin
2022-07-09 20:52:05,075 - INFO - views - views.py - Load study_materials, tests and tasks from db. class: ShowCourse
2022-07-09 20:52:06,820 - INFO - utils - utils.py - get_context. class: DataMixin
2022-07-09 20:52:06,883 - INFO - views - views.py - Get all info for displaying test. class: DisplayTest
2022-07-09 20:52:06,883 - INFO - views - views.py - GET Render testdb/test.html, class: DisplayTest
2022-07-09 20:52:09,140 - INFO - utils - utils.py - get_context. class: DataMixin
2022-07-09 20:52:09,145 - INFO - views - views.py - GET testdb/question.html. class: UpdateQuestion
2022-07-09 20:52:14,465 - INFO - utils - utils.py - get_context. class: DataMixin
2022-07-09 20:52:14,536 - INFO - views - views.py - POST testdb/question.html, updated successfully. class: UpdateQuestion
2022-07-09 20:52:14,546 - INFO - utils - utils.py - get_context. class: DataMixin
2022-07-09 20:52:14,562 - INFO - views - views.py - Get all info for displaying test. class: DisplayTest
2022-07-09 20:52:14,562 - INFO - views - views.py - GET Render testdb/test.html, class: DisplayTest
2022-07-09 20:52:16,121 - INFO - utils - utils.py - get_context. class: DataMixin
2022-07-09 20:52:16,130 - INFO - views - views.py - GET testdb/question.html. class: UpdateQuestion
2022-07-09 20:52:20,843 - INFO - utils - utils.py - get_context. class: DataMixin
2022-07-09 20:52:20,947 - INFO - views - views.py - POST testdb/question.html, updated successfully. class: UpdateQuestion
2022-07-09 20:52:20,990 - INFO - utils - utils.py - get_context. class: DataMixin
2022-07-09 20:52:21,027 - INFO - views - views.py - Get all info for displaying test. class: DisplayTest
2022-07-09 20:52:21,027 - INFO - views - views.py - GET Render testdb/test.html, class: DisplayTest
2022-07-09 20:52:22,663 - INFO - utils - utils.py - get_context. class: DataMixin
2022-07-09 20:52:22,668 - INFO - views - views.py - GET testdb/question.html. class: UpdateQuestion
2022-07-09 20:52:27,092 - INFO - utils - utils.py - get_context. class: DataMixin
2022-07-09 20:52:27,291 - INFO - views - views.py - POST testdb/question.html, updated successfully. class: UpdateQuestion
2022-07-09 20:52:27,337 - INFO - utils - utils.py - get_context. class: DataMixin
2022-07-09 20:52:27,382 - INFO - views - views.py - Get all info for displaying test. class: DisplayTest
2022-07-09 20:52:27,383 - INFO - views - views.py - GET Render testdb/test.html, class: DisplayTest
2022-07-09 20:55:24,344 - INFO - utils - utils.py - get_context. class: DataMixin
2022-07-09 20:55:30,418 - INFO - views - views.py - Login user. Redirect to home, class: LoginUser
2022-07-09 20:55:30,528 - INFO - utils - utils.py - get_context. class: DataMixin
2022-07-09 20:55:30,528 - INFO - views - views.py - To index.html page. class: CourseHome
2022-07-09 20:55:32,464 - INFO - views - views.py - Query, class: CourseList
2022-07-09 20:55:32,479 - INFO - utils - utils.py - get_context. class: DataMixin
2022-07-09 20:55:34,123 - INFO - utils - utils.py - get_context. class: DataMixin
2022-07-09 20:55:34,124 - INFO - views - views.py - Load study_materials, tests and tasks from db. class: ShowCourse
2022-07-09 20:55:35,305 - INFO - utils - utils.py - get_context. class: DataMixin
2022-07-09 20:55:35,359 - INFO - views - views.py - Get all info for displaying test. class: DisplayTest
2022-07-09 20:55:35,359 - INFO - views - views.py - GET Render testdb/test.html, class: DisplayTest
2022-07-09 20:55:46,305 - INFO - utils - utils.py - get_context. class: DataMixin
2022-07-09 20:55:46,515 - INFO - views - views.py - Get all info for displaying test. class: DisplayTest
2022-07-09 20:55:46,516 - INFO - views - views.py - POST from testdb/test.html , class: DisplayTest
2022-07-09 20:55:46,539 - INFO - views - views.py - Render_to_response to testdb/test.html , class: DisplayTest
2022-07-09 20:55:48,746 - INFO - utils - utils.py - get_context. class: DataMixin
2022-07-09 20:55:48,746 - INFO - views - views.py - To journal.html page. class: JournalView
2022-07-09 20:55:51,157 - INFO - views - views.py - Query, class: CourseList
2022-07-09 20:55:51,189 - INFO - utils - utils.py - get_context. class: DataMixin
2022-07-09 20:55:53,176 - INFO - utils - utils.py - get_context. class: DataMixin
2022-07-09 20:55:53,177 - INFO - views - views.py - Load study_materials, tests and tasks from db. class: ShowCourse
2022-07-09 20:55:55,138 - INFO - utils - utils.py - get_context. class: DataMixin
2022-07-09 20:55:55,141 - INFO - views - views.py - Load task_info from db, is_solved from journal_task. class: DisplayTask
2022-07-09 20:55:55,141 - INFO - views - views.py - To testdb/task.html. class: DisplayTask
2022-07-09 20:55:57,996 - INFO - utils - utils.py - get_context. class: DataMixin
2022-07-09 20:55:58,003 - INFO - views - views.py - Load task_info from db, is_solved from journal_task. class: DisplayTask
2022-07-09 20:55:58,004 - INFO - views - views.py - To testdb/task.html. class: DisplayTask
2022-07-09 20:55:59,986 - INFO - utils - utils.py - get_context. class: DataMixin
2022-07-09 20:55:59,987 - INFO - views - views.py - Load study_materials, tests and tasks from db. class: ShowCourse
2022-07-09 20:56:01,358 - INFO - utils - utils.py - get_context. class: DataMixin
2022-07-09 20:56:01,365 - INFO - views - views.py - Load task_info from db, is_solved from journal_task. class: DisplayTask
2022-07-09 20:56:01,366 - INFO - views - views.py - To testdb/task.html. class: DisplayTask
2022-07-09 20:56:05,912 - INFO - utils - utils.py - get_context. class: DataMixin
2022-07-09 20:56:05,921 - INFO - views - views.py - Load task_info from db, is_solved from journal_task. class: DisplayTask
2022-07-09 20:56:06,010 - INFO - views - views.py - POST from testdb/task.html. class: DisplayTask
2022-07-09 20:56:07,667 - INFO - utils - utils.py - get_context. class: DataMixin
2022-07-09 20:56:07,668 - INFO - views - views.py - Load study_materials, tests and tasks from db. class: ShowCourse
2022-07-09 20:56:09,023 - INFO - utils - utils.py - get_context. class: DataMixin
2022-07-09 20:56:09,030 - INFO - views - views.py - Load task_info from db, is_solved from journal_task. class: DisplayTask
2022-07-09 20:56:09,030 - INFO - views - views.py - To testdb/task.html. class: DisplayTask
2022-07-09 20:56:10,510 - INFO - utils - utils.py - get_context. class: DataMixin
2022-07-09 20:56:10,511 - INFO - views - views.py - Load study_materials, tests and tasks from db. class: ShowCourse
2022-07-09 20:56:11,778 - INFO - utils - utils.py - get_context. class: DataMixin
2022-07-09 20:56:11,782 - INFO - views - views.py - Load task_info from db, is_solved from journal_task. class: DisplayTask
2022-07-09 20:56:11,782 - INFO - views - views.py - To testdb/task.html. class: DisplayTask
2022-07-09 20:56:13,935 - INFO - utils - utils.py - get_context. class: DataMixin
2022-07-09 20:56:13,936 - INFO - views - views.py - Load study_materials, tests and tasks from db. class: ShowCourse
2022-07-09 20:56:15,395 - INFO - utils - utils.py - get_context. class: DataMixin
2022-07-09 20:56:15,398 - INFO - views - views.py - Load task_info from db, is_solved from journal_task. class: DisplayTask
2022-07-09 20:56:15,398 - INFO - views - views.py - To testdb/task.html. class: DisplayTask
2022-07-09 20:56:17,523 - INFO - utils - utils.py - get_context. class: DataMixin
2022-07-09 20:56:17,524 - INFO - views - views.py - Load study_materials, tests and tasks from db. class: ShowCourse
2022-07-09 20:56:19,599 - INFO - utils - utils.py - get_context. class: DataMixin
2022-07-09 20:56:19,600 - INFO - views - views.py - To journal.html page. class: JournalView
2022-07-09 20:56:21,241 - INFO - utils - utils.py - get_context. class: DataMixin
2022-07-09 20:56:21,242 - INFO - views - views.py - To journal.html page. class: JournalView
2022-07-09 21:09:54,040 - INFO - utils - utils.py - get_context. class: DataMixin
2022-07-09 21:09:54,040 - INFO - views - views.py - To index.html page. class: CourseHome
2022-07-09 21:09:55,777 - INFO - utils - utils.py - get_context. class: DataMixin
2022-07-09 21:10:01,759 - INFO - views - views.py - Login user. Redirect to home, class: LoginUser
2022-07-09 21:10:01,825 - INFO - utils - utils.py - get_context. class: DataMixin
2022-07-09 21:10:01,825 - INFO - views - views.py - To index.html page. class: CourseHome
2022-07-09 21:10:03,619 - INFO - views - views.py - Query, class: CourseList
2022-07-09 21:10:03,632 - INFO - utils - utils.py - get_context. class: DataMixin
2022-07-09 21:10:07,186 - INFO - utils - utils.py - get_context. class: DataMixin
2022-07-09 21:10:07,188 - INFO - views - views.py - Load study_materials, tests and tasks from db. class: ShowCourse
2022-07-09 21:10:08,715 - INFO - utils - utils.py - get_context. class: DataMixin
2022-07-09 21:10:08,786 - INFO - views - views.py - Get all info for displaying test. class: DisplayTest
2022-07-09 21:10:08,786 - INFO - views - views.py - GET Render testdb/test.html, class: DisplayTest
2022-07-09 21:10:16,928 - INFO - utils - utils.py - get_context. class: DataMixin
2022-07-09 21:10:17,052 - INFO - views - views.py - Get all info for displaying test. class: DisplayTest
2022-07-09 21:10:17,053 - INFO - views - views.py - POST from testdb/test.html , class: DisplayTest
2022-07-09 21:10:17,087 - INFO - views - views.py - Render_to_response to testdb/test.html , class: DisplayTest
2022-07-09 21:10:18,611 - INFO - utils - utils.py - get_context. class: DataMixin
2022-07-09 21:10:18,612 - INFO - views - views.py - To journal.html page. class: JournalView
2022-07-09 21:10:43,160 - INFO - utils - utils.py - get_context. class: DataMixin
2022-07-09 21:10:43,160 - INFO - views - views.py - To index.html page. class: CourseHome
2022-07-09 21:10:44,918 - INFO - utils - utils.py - get_context. class: DataMixin
2022-07-09 21:10:52,358 - INFO - views - views.py - Login user. Redirect to home, class: LoginUser
2022-07-09 21:10:52,412 - INFO - utils - utils.py - get_context. class: DataMixin
2022-07-09 21:10:52,413 - INFO - views - views.py - To index.html page. class: CourseHome
2022-07-09 21:10:54,251 - INFO - views - views.py - Query, class: CourseList
2022-07-09 21:10:54,264 - INFO - utils - utils.py - get_context. class: DataMixin
2022-07-09 21:10:56,200 - INFO - utils - utils.py - get_context. class: DataMixin
2022-07-09 21:10:56,202 - INFO - views - views.py - Load study_materials, tests and tasks from db. class: ShowCourse
2022-07-09 21:11:02,255 - INFO - utils - utils.py - get_context. class: DataMixin
2022-07-09 21:11:02,295 - INFO - views - views.py - Get all info for displaying test. class: DisplayTest
2022-07-09 21:11:02,296 - INFO - views - views.py - GET Render testdb/test.html, class: DisplayTest
2022-07-09 21:11:08,351 - INFO - utils - utils.py - get_context. class: DataMixin
2022-07-09 21:11:08,372 - INFO - views - views.py - Get all info for displaying test. class: DisplayTest
2022-07-09 21:11:08,372 - INFO - views - views.py - POST from testdb/test.html , class: DisplayTest
2022-07-09 21:11:56,046 - INFO - utils - utils.py - get_context. class: DataMixin
2022-07-09 21:11:56,067 - INFO - views - views.py - Get all info for displaying test. class: DisplayTest
2022-07-09 21:11:56,068 - INFO - views - views.py - GET Render testdb/test.html, class: DisplayTest
2022-07-09 21:12:01,714 - INFO - utils - utils.py - get_context. class: DataMixin
2022-07-09 21:12:01,742 - INFO - views - views.py - Get all info for displaying test. class: DisplayTest
2022-07-09 21:12:01,742 - INFO - views - views.py - POST from testdb/test.html , class: DisplayTest
2022-07-09 21:12:01,760 - INFO - views - views.py - Render_to_response to testdb/test.html , class: DisplayTest
2022-07-09 21:12:08,068 - INFO - views - views.py - Logout. Redirect to login, class: LogOut
2022-07-09 21:12:08,098 - INFO - utils - utils.py - get_context. class: DataMixin
2022-07-09 21:12:11,752 - INFO - views - views.py - Login user. Redirect to home, class: LoginUser
2022-07-09 21:12:11,810 - INFO - utils - utils.py - get_context. class: DataMixin
2022-07-09 21:12:11,810 - INFO - views - views.py - To index.html page. class: CourseHome
2022-07-09 21:12:38,621 - INFO - utils - utils.py - get_context. class: DataMixin
2022-07-09 21:12:38,621 - INFO - views - views.py - To index.html page. class: CourseHome
2022-07-09 21:12:40,284 - INFO - utils - utils.py - get_context. class: DataMixin
2022-07-09 21:12:44,765 - INFO - views - views.py - Login user. Redirect to home, class: LoginUser
2022-07-09 21:12:44,903 - INFO - utils - utils.py - get_context. class: DataMixin
2022-07-09 21:12:44,903 - INFO - views - views.py - To index.html page. class: CourseHome
2022-07-09 21:12:47,042 - INFO - views - views.py - Query, class: CourseList
2022-07-09 21:12:47,055 - INFO - utils - utils.py - get_context. class: DataMixin
2022-07-09 21:12:48,817 - INFO - utils - utils.py - get_context. class: DataMixin
2022-07-09 21:12:48,820 - INFO - views - views.py - Load study_materials, tests and tasks from db. class: ShowCourse
2022-07-09 21:12:50,951 - INFO - utils - utils.py - get_context. class: DataMixin
2022-07-09 21:12:51,037 - INFO - views - views.py - Get all info for displaying test. class: DisplayTest
2022-07-09 21:12:51,037 - INFO - views - views.py - GET Render testdb/test.html, class: DisplayTest
2022-07-09 21:12:58,540 - INFO - utils - utils.py - get_context. class: DataMixin
2022-07-09 21:12:58,582 - INFO - views - views.py - Get all info for displaying test. class: DisplayTest
2022-07-09 21:12:58,583 - INFO - views - views.py - POST from testdb/test.html , class: DisplayTest
2022-07-09 21:12:58,624 - INFO - views - views.py - Render_to_response to testdb/test.html , class: DisplayTest
2022-07-09 21:13:00,834 - INFO - utils - utils.py - get_context. class: DataMixin
2022-07-09 21:13:00,835 - INFO - views - views.py - To journal.html page. class: JournalView
2022-07-09 21:13:05,198 - INFO - utils - utils.py - get_context. class: DataMixin
2022-07-09 21:13:05,201 - INFO - views - views.py - Load study_materials, tests and tasks from db. class: ShowCourse
2022-07-09 21:13:07,125 - INFO - utils - utils.py - get_context. class: DataMixin
2022-07-09 21:13:07,133 - INFO - views - views.py - Load task_info from db, is_solved from journal_task. class: DisplayTask
2022-07-09 21:13:07,134 - INFO - views - views.py - To testdb/task.html. class: DisplayTask
2022-07-09 21:13:10,743 - INFO - utils - utils.py - get_context. class: DataMixin
2022-07-09 21:13:10,752 - INFO - views - views.py - Load task_info from db, is_solved from journal_task. class: DisplayTask
2022-07-09 21:13:10,755 - INFO - views - views.py - POST from testdb/task.html. class: DisplayTask
2022-07-09 21:13:13,994 - INFO - utils - utils.py - get_context. class: DataMixin
2022-07-09 21:13:14,003 - INFO - views - views.py - Load task_info from db, is_solved from journal_task. class: DisplayTask
2022-07-09 21:13:14,009 - INFO - views - views.py - POST from testdb/task.html. class: DisplayTask
2022-07-09 21:13:18,346 - INFO - utils - utils.py - get_context. class: DataMixin
2022-07-09 21:13:18,355 - INFO - views - views.py - Load task_info from db, is_solved from journal_task. class: DisplayTask
2022-07-09 21:13:18,361 - INFO - views - views.py - POST from testdb/task.html. class: DisplayTask
2022-07-09 21:14:33,790 - INFO - utils - utils.py - get_context. class: DataMixin
2022-07-09 21:14:33,790 - INFO - views - views.py - To index.html page. class: CourseHome
2022-07-09 21:14:38,470 - INFO - views - views.py - Query, class: CourseList
2022-07-09 21:14:38,480 - INFO - utils - utils.py - get_context. class: DataMixin
2022-07-09 21:14:40,872 - INFO - utils - utils.py - get_context. class: DataMixin
2022-07-09 21:14:40,874 - INFO - views - views.py - Load study_materials, tests and tasks from db. class: ShowCourse
2022-07-09 21:14:43,012 - INFO - utils - utils.py - get_context. class: DataMixin
2022-07-09 21:14:43,016 - INFO - views - views.py - Load task_info from db, is_solved from journal_task. class: DisplayTask
2022-07-09 21:14:43,016 - INFO - views - views.py - To testdb/task.html. class: DisplayTask
2022-07-09 21:15:56,071 - INFO - views - views.py - Logout. Redirect to login, class: LogOut
2022-07-09 21:15:56,101 - INFO - utils - utils.py - get_context. class: DataMixin
2022-07-09 21:16:00,621 - INFO - views - views.py - Login user. Redirect to home, class: LoginUser
2022-07-09 21:16:01,377 - INFO - views - views.py - Login user. Redirect to home, class: LoginUser
2022-07-09 21:16:01,477 - INFO - utils - utils.py - get_context. class: DataMixin
2022-07-09 21:16:01,477 - INFO - views - views.py - To index.html page. class: CourseHome
2022-07-09 21:16:03,535 - INFO - utils - utils.py - get_context. class: DataMixin
2022-07-09 21:16:03,536 - INFO - views - views.py - To journal.html page. class: JournalView
2022-07-09 21:16:06,988 - INFO - utils - utils.py - get_context. class: DataMixin
2022-07-09 21:16:06,991 - INFO - views - views.py - Load study_materials, tests and tasks from db. class: ShowCourse
2022-07-09 21:16:08,853 - INFO - utils - utils.py - get_context. class: DataMixin
2022-07-09 21:16:08,856 - INFO - views - views.py - Load task_info from db, is_solved from journal_task. class: DisplayTask
2022-07-09 21:16:08,856 - INFO - views - views.py - To testdb/task.html. class: DisplayTask
2022-07-09 21:16:16,110 - INFO - utils - utils.py - get_context. class: DataMixin
2022-07-09 21:16:16,119 - INFO - views - views.py - Load task_info from db, is_solved from journal_task. class: DisplayTask
2022-07-09 21:16:16,182 - INFO - views - views.py - POST from testdb/task.html. class: DisplayTask
2022-07-09 21:16:18,425 - INFO - utils - utils.py - get_context. class: DataMixin
2022-07-09 21:16:18,426 - INFO - views - views.py - To journal.html page. class: JournalView
2022-07-09 21:16:21,384 - INFO - views - views.py - Query, class: CourseList
2022-07-09 21:16:21,423 - INFO - utils - utils.py - get_context. class: DataMixin
2022-07-09 21:16:22,837 - INFO - utils - utils.py - get_context. class: DataMixin
2022-07-09 21:16:22,837 - INFO - views - views.py - To index.html page. class: CourseHome
2022-07-09 21:16:32,141 - INFO - views - views.py - Logout. Redirect to login, class: LogOut
2022-07-09 21:16:32,148 - INFO - utils - utils.py - get_context. class: DataMixin
2022-07-09 21:16:37,148 - INFO - views - views.py - Login user. Redirect to home, class: LoginUser
2022-07-09 21:16:37,217 - INFO - utils - utils.py - get_context. class: DataMixin
2022-07-09 21:16:37,217 - INFO - views - views.py - To index.html page. class: CourseHome
2022-07-09 21:16:38,851 - INFO - views - views.py - Query, class: CourseList
2022-07-09 21:16:38,861 - INFO - utils - utils.py - get_context. class: DataMixin
2022-07-09 21:16:40,777 - INFO - utils - utils.py - get_context. class: DataMixin
2022-07-09 21:16:40,779 - INFO - views - views.py - Load study_materials, tests and tasks from db. class: ShowCourse
2022-07-09 21:16:42,598 - INFO - utils - utils.py - get_context. class: DataMixin
2022-07-09 21:16:42,681 - INFO - views - views.py - Get all info for displaying test. class: DisplayTest
2022-07-09 21:16:42,681 - INFO - views - views.py - GET Render testdb/test.html, class: DisplayTest
2022-07-09 21:16:44,198 - INFO - utils - utils.py - get_context. class: DataMixin
2022-07-09 21:16:44,199 - INFO - views - views.py - GET testdb/question.html, created forms. class: CreateQuestion
2022-07-09 21:17:55,546 - INFO - utils - utils.py - get_context. class: DataMixin
2022-07-09 21:17:56,779 - INFO - views - views.py - POST testdb/question.html, created successfully. class: CreateQuestion
2022-07-09 21:17:56,821 - INFO - utils - utils.py - get_context. class: DataMixin
2022-07-09 21:17:56,856 - INFO - views - views.py - Get all info for displaying test. class: DisplayTest
2022-07-09 21:17:56,857 - INFO - views - views.py - GET Render testdb/test.html, class: DisplayTest
2022-07-09 21:17:59,396 - INFO - views - views.py - Logout. Redirect to login, class: LogOut
2022-07-09 21:17:59,425 - INFO - utils - utils.py - get_context. class: DataMixin
2022-07-09 21:18:03,651 - INFO - views - views.py - Login user. Redirect to home, class: LoginUser
2022-07-09 21:18:03,727 - INFO - utils - utils.py - get_context. class: DataMixin
2022-07-09 21:18:03,728 - INFO - views - views.py - To index.html page. class: CourseHome
2022-07-09 21:18:05,243 - INFO - utils - utils.py - get_context. class: DataMixin
2022-07-09 21:18:05,243 - INFO - views - views.py - To journal.html page. class: JournalView
2022-07-09 21:18:08,644 - INFO - views - views.py - Query, class: CourseList
2022-07-09 21:18:08,676 - INFO - utils - utils.py - get_context. class: DataMixin
2022-07-09 21:18:10,055 - INFO - utils - utils.py - get_context. class: DataMixin
2022-07-09 21:18:10,057 - INFO - views - views.py - Load study_materials, tests and tasks from db. class: ShowCourse
2022-07-09 21:18:11,482 - INFO - utils - utils.py - get_context. class: DataMixin
2022-07-09 21:18:11,519 - INFO - views - views.py - Get all info for displaying test. class: DisplayTest
2022-07-09 21:18:11,519 - INFO - views - views.py - GET Render testdb/test.html, class: DisplayTest
2022-07-09 21:20:06,671 - INFO - utils - utils.py - get_context. class: DataMixin
2022-07-09 21:20:06,712 - INFO - views - views.py - Get all info for displaying test. class: DisplayTest
2022-07-09 21:20:06,712 - INFO - views - views.py - GET Render testdb/test.html, class: DisplayTest
2022-07-09 21:20:07,253 - INFO - utils - utils.py - get_context. class: DataMixin
2022-07-09 21:20:07,303 - INFO - views - views.py - Get all info for displaying test. class: DisplayTest
2022-07-09 21:20:07,304 - INFO - views - views.py - GET Render testdb/test.html, class: DisplayTest
2022-07-09 21:21:19,130 - INFO - utils - utils.py - get_context. class: DataMixin
2022-07-09 21:21:19,157 - INFO - views - views.py - Get all info for displaying test. class: DisplayTest
2022-07-09 21:21:19,157 - INFO - views - views.py - GET Render testdb/test.html, class: DisplayTest
2022-07-09 21:22:13,552 - INFO - utils - utils.py - get_context. class: DataMixin
2022-07-09 21:22:13,568 - INFO - views - views.py - Get all info for displaying test. class: DisplayTest
2022-07-09 21:22:13,569 - INFO - views - views.py - GET Render testdb/test.html, class: DisplayTest
2022-07-09 21:23:00,463 - INFO - utils - utils.py - get_context. class: DataMixin
2022-07-09 21:23:00,480 - INFO - views - views.py - Get all info for displaying test. class: DisplayTest
2022-07-09 21:23:00,480 - INFO - views - views.py - GET Render testdb/test.html, class: DisplayTest
2022-07-09 21:24:02,853 - INFO - utils - utils.py - get_context. class: DataMixin
2022-07-09 21:24:02,884 - INFO - views - views.py - Get all info for displaying test. class: DisplayTest
2022-07-09 21:24:02,884 - INFO - views - views.py - GET Render testdb/test.html, class: DisplayTest
2022-07-09 21:24:03,360 - INFO - utils - utils.py - get_context. class: DataMixin
2022-07-09 21:24:03,418 - INFO - views - views.py - Get all info for displaying test. class: DisplayTest
2022-07-09 21:24:03,419 - INFO - views - views.py - GET Render testdb/test.html, class: DisplayTest
2022-07-09 21:24:09,727 - INFO - utils - utils.py - get_context. class: DataMixin
2022-07-09 21:24:09,727 - INFO - views - views.py - To journal.html page. class: JournalView
2022-07-09 21:24:10,141 - INFO - utils - utils.py - get_context. class: DataMixin
2022-07-09 21:24:10,141 - INFO - views - views.py - To journal.html page. class: JournalView
2022-07-09 21:24:33,801 - INFO - views - views.py - Logout. Redirect to login, class: LogOut
2022-07-09 21:24:33,829 - INFO - utils - utils.py - get_context. class: DataMixin
2022-07-09 21:24:35,967 - INFO - views - views.py - Login user. Redirect to home, class: LoginUser
2022-07-09 21:24:36,031 - INFO - utils - utils.py - get_context. class: DataMixin
2022-07-09 21:24:36,032 - INFO - views - views.py - To index.html page. class: CourseHome
2022-07-09 21:24:41,129 - INFO - views - views.py - Query, class: CourseList
2022-07-09 21:24:41,140 - INFO - utils - utils.py - get_context. class: DataMixin
2022-07-09 21:24:43,199 - INFO - utils - utils.py - get_context. class: DataMixin
2022-07-09 21:24:43,200 - INFO - views - views.py - Load study_materials, tests and tasks from db. class: ShowCourse
2022-07-09 21:24:45,815 - INFO - utils - utils.py - get_context. class: DataMixin
2022-07-09 21:24:45,848 - INFO - views - views.py - Get all info for displaying test. class: DisplayTest
2022-07-09 21:24:45,848 - INFO - views - views.py - GET Render testdb/test.html, class: DisplayTest
2022-07-09 21:24:47,599 - INFO - utils - utils.py - get_context. class: DataMixin
2022-07-09 21:24:47,613 - INFO - views - views.py - GET testdb/question.html. class: UpdateQuestion
2022-07-09 21:24:53,663 - INFO - utils - utils.py - get_context. class: DataMixin
2022-07-09 21:24:54,252 - INFO - views - views.py - POST testdb/question.html, updated successfully. class: UpdateQuestion
2022-07-09 21:24:54,295 - INFO - utils - utils.py - get_context. class: DataMixin
2022-07-09 21:24:54,334 - INFO - views - views.py - Get all info for displaying test. class: DisplayTest
2022-07-09 21:24:54,335 - INFO - views - views.py - GET Render testdb/test.html, class: DisplayTest
2022-07-09 21:25:01,662 - INFO - views - views.py - Logout. Redirect to login, class: LogOut
2022-07-09 21:25:01,694 - INFO - utils - utils.py - get_context. class: DataMixin
2022-07-09 21:25:05,185 - INFO - views - views.py - Login user. Redirect to home, class: LoginUser
2022-07-09 21:25:05,294 - INFO - utils - utils.py - get_context. class: DataMixin
2022-07-09 21:25:05,295 - INFO - views - views.py - To index.html page. class: CourseHome
2022-07-09 21:25:07,800 - INFO - utils - utils.py - get_context. class: DataMixin
2022-07-09 21:25:07,800 - INFO - views - views.py - To journal.html page. class: JournalView
2022-07-09 21:25:09,363 - INFO - utils - utils.py - get_context. class: DataMixin
2022-07-09 21:25:09,366 - INFO - views - views.py - Load study_materials, tests and tasks from db. class: ShowCourse
2022-07-09 21:25:10,864 - INFO - utils - utils.py - get_context. class: DataMixin
2022-07-09 21:25:11,197 - INFO - views - views.py - Get all info for displaying test. class: DisplayTest
2022-07-09 21:25:11,198 - INFO - views - views.py - GET Render testdb/test.html, class: DisplayTest
2022-07-09 21:25:30,308 - INFO - utils - utils.py - get_context. class: DataMixin
2022-07-09 21:25:30,331 - INFO - views - views.py - Get all info for displaying test. class: DisplayTest
2022-07-09 21:25:30,331 - INFO - views - views.py - GET Render testdb/test.html, class: DisplayTest
2022-07-09 21:26:01,071 - INFO - utils - utils.py - get_context. class: DataMixin
2022-07-09 21:26:01,380 - INFO - views - views.py - Get all info for displaying test. class: DisplayTest
2022-07-09 21:26:01,380 - INFO - views - views.py - GET Render testdb/test.html, class: DisplayTest
2022-07-09 21:26:09,566 - INFO - utils - utils.py - get_context. class: DataMixin
2022-07-09 21:26:09,693 - INFO - views - views.py - Get all info for displaying test. class: DisplayTest
2022-07-09 21:26:09,693 - INFO - views - views.py - GET Render testdb/test.html, class: DisplayTest
2022-07-09 21:26:19,196 - INFO - utils - utils.py - get_context. class: DataMixin
2022-07-09 21:26:19,225 - INFO - views - views.py - Get all info for displaying test. class: DisplayTest
2022-07-09 21:26:19,225 - INFO - views - views.py - GET Render testdb/test.html, class: DisplayTest
2022-07-09 21:26:31,290 - INFO - utils - utils.py - get_context. class: DataMixin
2022-07-09 21:26:31,318 - INFO - views - views.py - Get all info for displaying test. class: DisplayTest
2022-07-09 21:26:31,318 - INFO - views - views.py - GET Render testdb/test.html, class: DisplayTest
2022-07-09 21:26:41,247 - INFO - utils - utils.py - get_context. class: DataMixin
2022-07-09 21:26:41,346 - INFO - views - views.py - Get all info for displaying test. class: DisplayTest
2022-07-09 21:26:41,347 - INFO - views - views.py - GET Render testdb/test.html, class: DisplayTest
2022-07-09 21:26:55,357 - INFO - utils - utils.py - get_context. class: DataMixin
2022-07-09 21:26:55,380 - INFO - views - views.py - Get all info for displaying test. class: DisplayTest
2022-07-09 21:26:55,381 - INFO - views - views.py - POST from testdb/test.html , class: DisplayTest
2022-07-09 21:26:55,409 - INFO - views - views.py - Render_to_response to testdb/test.html , class: DisplayTest
2022-07-09 21:26:58,893 - INFO - utils - utils.py - get_context. class: DataMixin
2022-07-09 21:26:58,894 - INFO - views - views.py - To journal.html page. class: JournalView
2022-07-09 21:27:00,949 - INFO - utils - utils.py - get_context. class: DataMixin
2022-07-09 21:27:00,950 - INFO - views - views.py - To journal.html page. class: JournalView
2022-07-09 21:27:01,526 - INFO - utils - utils.py - get_context. class: DataMixin
2022-07-09 21:27:01,526 - INFO - views - views.py - To journal.html page. class: JournalView
2022-07-09 21:27:03,085 - INFO - views - views.py - Query, class: CourseList
2022-07-09 21:27:03,125 - INFO - utils - utils.py - get_context. class: DataMixin
2022-07-09 21:27:06,159 - INFO - utils - utils.py - get_context. class: DataMixin
2022-07-09 21:27:06,160 - INFO - views - views.py - Load study_materials, tests and tasks from db. class: ShowCourse
2022-07-09 21:27:23,838 - INFO - utils - utils.py - get_context. class: DataMixin
2022-07-09 21:27:23,865 - INFO - views - views.py - Get all info for displaying test. class: DisplayTest
2022-07-09 21:27:23,866 - INFO - views - views.py - GET Render testdb/test.html, class: DisplayTest
2022-07-09 21:27:27,194 - INFO - views - views.py - Logout. Redirect to login, class: LogOut
2022-07-09 21:27:27,224 - INFO - utils - utils.py - get_context. class: DataMixin
2022-07-09 21:27:31,142 - INFO - views - views.py - Login user. Redirect to home, class: LoginUser
2022-07-09 21:27:31,179 - INFO - utils - utils.py - get_context. class: DataMixin
2022-07-09 21:27:31,179 - INFO - views - views.py - To index.html page. class: CourseHome
2022-07-09 21:27:33,140 - INFO - views - views.py - Query, class: CourseList
2022-07-09 21:27:33,152 - INFO - utils - utils.py - get_context. class: DataMixin
2022-07-09 21:27:34,794 - INFO - utils - utils.py - get_context. class: DataMixin
2022-07-09 21:27:34,795 - INFO - views - views.py - Load study_materials, tests and tasks from db. class: ShowCourse
2022-07-09 21:27:36,201 - INFO - utils - utils.py - get_context. class: DataMixin
2022-07-09 21:27:36,273 - INFO - views - views.py - Get all info for displaying test. class: DisplayTest
2022-07-09 21:27:36,273 - INFO - views - views.py - GET Render testdb/test.html, class: DisplayTest
2022-07-09 21:27:45,023 - INFO - utils - utils.py - get_context. class: DataMixin
2022-07-09 21:27:45,191 - INFO - views - views.py - Get all info for displaying test. class: DisplayTest
2022-07-09 21:27:45,192 - INFO - views - views.py - POST from testdb/test.html , class: DisplayTest
2022-07-09 21:27:45,342 - INFO - views - views.py - Render_to_response to testdb/test.html , class: DisplayTest
2022-07-09 21:27:48,580 - INFO - utils - utils.py - get_context. class: DataMixin
2022-07-09 21:27:48,581 - INFO - views - views.py - To journal.html page. class: JournalView
2022-07-09 21:27:49,953 - INFO - utils - utils.py - get_context. class: DataMixin
2022-07-09 21:27:49,953 - INFO - views - views.py - To journal.html page. class: JournalView
2022-07-09 21:27:50,271 - INFO - utils - utils.py - get_context. class: DataMixin
2022-07-09 21:27:50,272 - INFO - views - views.py - To journal.html page. class: JournalView
2022-07-09 21:27:50,549 - INFO - utils - utils.py - get_context. class: DataMixin
2022-07-09 21:27:50,550 - INFO - views - views.py - To journal.html page. class: JournalView
2022-07-09 21:27:50,762 - INFO - utils - utils.py - get_context. class: DataMixin
2022-07-09 21:27:50,763 - INFO - views - views.py - To journal.html page. class: JournalView
2022-07-09 21:27:50,920 - INFO - utils - utils.py - get_context. class: DataMixin
2022-07-09 21:27:50,920 - INFO - views - views.py - To journal.html page. class: JournalView
2022-07-09 21:27:51,127 - INFO - utils - utils.py - get_context. class: DataMixin
2022-07-09 21:27:51,127 - INFO - views - views.py - To journal.html page. class: JournalView
2022-07-09 21:29:41,809 - INFO - utils - utils.py - get_context. class: DataMixin
2022-07-09 21:29:41,809 - INFO - views - views.py - To index.html page. class: CourseHome
2022-07-09 21:29:43,385 - INFO - utils - utils.py - get_context. class: DataMixin
2022-07-09 21:29:47,110 - INFO - views - views.py - Login user. Redirect to home, class: LoginUser
2022-07-09 21:29:47,176 - INFO - utils - utils.py - get_context. class: DataMixin
2022-07-09 21:29:47,177 - INFO - views - views.py - To index.html page. class: CourseHome
2022-07-09 21:29:49,082 - INFO - views - views.py - Query, class: CourseList
2022-07-09 21:29:49,093 - INFO - utils - utils.py - get_context. class: DataMixin
2022-07-09 21:29:50,867 - INFO - utils - utils.py - get_context. class: DataMixin
2022-07-09 21:29:50,868 - INFO - views - views.py - Load study_materials, tests and tasks from db. class: ShowCourse
2022-07-09 21:29:52,933 - INFO - utils - utils.py - get_context. class: DataMixin
2022-07-09 21:29:52,967 - INFO - views - views.py - Get all info for displaying test. class: DisplayTest
2022-07-09 21:29:52,967 - INFO - views - views.py - GET Render testdb/test.html, class: DisplayTest
2022-07-09 21:31:48,926 - INFO - utils - utils.py - get_context. class: DataMixin
2022-07-09 21:32:11,798 - INFO - utils - utils.py - get_context. class: DataMixin
2022-07-09 21:32:11,820 - INFO - views - views.py - Get all info for displaying test. class: DisplayTest
2022-07-09 21:32:11,821 - INFO - views - views.py - GET Render testdb/test.html, class: DisplayTest
2022-07-09 21:34:07,361 - INFO - utils - utils.py - get_context. class: DataMixin
2022-07-09 21:34:07,399 - INFO - views - views.py - Get all info for displaying test. class: DisplayTest
2022-07-09 21:34:07,400 - INFO - views - views.py - GET Render testdb/test.html, class: DisplayTest
2022-07-09 21:34:15,621 - INFO - utils - utils.py - get_context. class: DataMixin
2022-07-09 21:34:15,645 - INFO - views - views.py - Get all info for displaying test. class: DisplayTest
2022-07-09 21:34:15,646 - INFO - views - views.py - POST from testdb/test.html , class: DisplayTest
2022-07-09 21:34:15,655 - INFO - views - views.py - Render_to_response to testdb/test.html , class: DisplayTest
2022-07-09 21:34:18,483 - INFO - utils - utils.py - get_context. class: DataMixin
2022-07-09 21:34:18,483 - INFO - views - views.py - To journal.html page. class: JournalView
2022-07-09 21:34:19,845 - INFO - utils - utils.py - get_context. class: DataMixin
2022-07-09 21:34:19,845 - INFO - views - views.py - To journal.html page. class: JournalView
2022-07-09 21:34:21,509 - INFO - views - views.py - Query, class: CourseList
2022-07-09 21:34:21,545 - INFO - utils - utils.py - get_context. class: DataMixin
2022-07-09 21:34:23,205 - INFO - utils - utils.py - get_context. class: DataMixin
2022-07-09 21:34:23,208 - INFO - views - views.py - Load study_materials, tests and tasks from db. class: ShowCourse
2022-07-09 21:34:24,205 - INFO - utils - utils.py - get_context. class: DataMixin
2022-07-09 21:34:24,206 - INFO - views - views.py - Load study_materials, tests and tasks from db. class: ShowCourse
2022-07-09 21:34:24,574 - INFO - utils - utils.py - get_context. class: DataMixin
2022-07-09 21:34:24,577 - INFO - views - views.py - Load study_materials, tests and tasks from db. class: ShowCourse
2022-07-09 21:34:26,061 - INFO - utils - utils.py - get_context. class: DataMixin
2022-07-09 21:34:26,099 - INFO - views - views.py - Get all info for displaying test. class: DisplayTest
2022-07-09 21:34:26,100 - INFO - views - views.py - GET Render testdb/test.html, class: DisplayTest
2022-07-09 21:34:33,494 - INFO - utils - utils.py - get_context. class: DataMixin
2022-07-09 21:34:33,680 - INFO - views - views.py - Get all info for displaying test. class: DisplayTest
2022-07-09 21:34:33,681 - INFO - views - views.py - POST from testdb/test.html , class: DisplayTest
2022-07-09 21:34:33,698 - INFO - views - views.py - Render_to_response to testdb/test.html , class: DisplayTest
2022-07-09 21:34:36,518 - INFO - utils - utils.py - get_context. class: DataMixin
2022-07-09 21:34:36,518 - INFO - views - views.py - To journal.html page. class: JournalView
2022-07-09 21:35:21,386 - INFO - utils - utils.py - get_context. class: DataMixin
2022-07-09 21:35:21,386 - INFO - views - views.py - To index.html page. class: CourseHome
2022-07-09 21:35:23,152 - INFO - utils - utils.py - get_context. class: DataMixin
2022-07-09 21:35:27,213 - INFO - views - views.py - Login user. Redirect to home, class: LoginUser
2022-07-09 21:35:27,278 - INFO - utils - utils.py - get_context. class: DataMixin
2022-07-09 21:35:27,278 - INFO - views - views.py - To index.html page. class: CourseHome
2022-07-09 21:35:29,148 - INFO - views - views.py - Query, class: CourseList
2022-07-09 21:35:29,160 - INFO - utils - utils.py - get_context. class: DataMixin
2022-07-09 21:35:30,835 - INFO - utils - utils.py - get_context. class: DataMixin
2022-07-09 21:35:30,838 - INFO - views - views.py - Load study_materials, tests and tasks from db. class: ShowCourse
2022-07-09 21:35:32,580 - INFO - utils - utils.py - get_context. class: DataMixin
2022-07-09 21:35:32,687 - INFO - views - views.py - Get all info for displaying test. class: DisplayTest
2022-07-09 21:35:32,687 - INFO - views - views.py - GET Render testdb/test.html, class: DisplayTest
2022-07-09 21:35:38,832 - INFO - utils - utils.py - get_context. class: DataMixin
2022-07-09 21:35:38,861 - INFO - views - views.py - Get all info for displaying test. class: DisplayTest
2022-07-09 21:35:38,861 - INFO - views - views.py - POST from testdb/test.html , class: DisplayTest
2022-07-09 21:35:38,872 - INFO - views - views.py - Render_to_response to testdb/test.html , class: DisplayTest
2022-07-09 21:35:41,338 - INFO - utils - utils.py - get_context. class: DataMixin
2022-07-09 21:35:41,338 - INFO - views - views.py - To journal.html page. class: JournalView
2022-07-09 21:37:10,892 - INFO - utils - utils.py - get_context. class: DataMixin
2022-07-09 21:37:10,892 - INFO - views - views.py - To journal.html page. class: JournalView
2022-07-09 21:37:13,567 - INFO - utils - utils.py - get_context. class: DataMixin
2022-07-09 21:37:13,570 - INFO - views - views.py - Load study_materials, tests and tasks from db. class: ShowCourse
2022-07-09 21:37:14,939 - INFO - utils - utils.py - get_context. class: DataMixin
2022-07-09 21:37:15,756 - INFO - views - views.py - Get all info for displaying test. class: DisplayTest
2022-07-09 21:37:15,757 - INFO - views - views.py - GET Render testdb/test.html, class: DisplayTest
2022-07-09 21:37:18,870 - INFO - views - views.py - Logout. Redirect to login, class: LogOut
2022-07-09 21:37:18,901 - INFO - utils - utils.py - get_context. class: DataMixin
2022-07-09 21:37:22,721 - INFO - views - views.py - Login user. Redirect to home, class: LoginUser
2022-07-09 21:37:22,774 - INFO - utils - utils.py - get_context. class: DataMixin
2022-07-09 21:37:22,774 - INFO - views - views.py - To index.html page. class: CourseHome
2022-07-09 21:37:24,858 - INFO - views - views.py - Query, class: CourseList
2022-07-09 21:37:24,869 - INFO - utils - utils.py - get_context. class: DataMixin
2022-07-09 21:37:52,736 - INFO - utils - utils.py - get_context. class: DataMixin
2022-07-09 21:37:52,736 - INFO - views - views.py - To index.html page. class: CourseHome
2022-07-09 21:37:53,891 - INFO - views - views.py - Logout. Redirect to login, class: LogOut
2022-07-09 21:37:53,901 - INFO - utils - utils.py - get_context. class: DataMixin
2022-07-09 21:37:58,904 - INFO - views - views.py - Login user. Redirect to home, class: LoginUser
2022-07-09 21:37:59,010 - INFO - utils - utils.py - get_context. class: DataMixin
2022-07-09 21:37:59,010 - INFO - views - views.py - To index.html page. class: CourseHome
2022-07-09 21:38:01,455 - INFO - utils - utils.py - get_context. class: DataMixin
2022-07-09 21:38:01,455 - INFO - views - views.py - To journal.html page. class: JournalView
2022-07-09 21:38:02,940 - INFO - utils - utils.py - get_context. class: DataMixin
2022-07-09 21:38:02,941 - INFO - views - views.py - Load study_materials, tests and tasks from db. class: ShowCourse
2022-07-09 21:38:04,359 - INFO - utils - utils.py - get_context. class: DataMixin
2022-07-09 21:38:04,398 - INFO - views - views.py - Get all info for displaying test. class: DisplayTest
2022-07-09 21:38:04,398 - INFO - views - views.py - GET Render testdb/test.html, class: DisplayTest
2022-07-09 21:38:12,567 - INFO - utils - utils.py - get_context. class: DataMixin
2022-07-09 21:38:12,601 - INFO - views - views.py - Get all info for displaying test. class: DisplayTest
2022-07-09 21:38:12,602 - INFO - views - views.py - POST from testdb/test.html , class: DisplayTest
2022-07-09 21:38:12,633 - INFO - views - views.py - Render_to_response to testdb/test.html , class: DisplayTest
2022-07-09 21:38:14,947 - INFO - utils - utils.py - get_context. class: DataMixin
2022-07-09 21:38:14,948 - INFO - views - views.py - To journal.html page. class: JournalView
2022-07-09 21:38:17,876 - INFO - utils - utils.py - get_context. class: DataMixin
2022-07-09 21:38:17,877 - INFO - views - views.py - Load study_materials, tests and tasks from db. class: ShowCourse
2022-07-09 21:38:20,256 - INFO - utils - utils.py - get_context. class: DataMixin
2022-07-09 21:38:20,259 - INFO - views - views.py - Load task_info from db, is_solved from journal_task. class: DisplayTask
2022-07-09 21:38:20,259 - INFO - views - views.py - To testdb/task.html. class: DisplayTask
2022-07-09 21:38:24,420 - INFO - utils - utils.py - get_context. class: DataMixin
2022-07-09 21:38:24,430 - INFO - views - views.py - Load task_info from db, is_solved from journal_task. class: DisplayTask
2022-07-09 21:38:24,490 - INFO - views - views.py - POST from testdb/task.html. class: DisplayTask
2022-07-09 21:38:27,760 - INFO - utils - utils.py - get_context. class: DataMixin
2022-07-09 21:38:27,763 - INFO - views - views.py - Load study_materials, tests and tasks from db. class: ShowCourse
2022-07-09 21:38:29,190 - INFO - utils - utils.py - get_context. class: DataMixin
2022-07-09 21:38:29,198 - INFO - views - views.py - Load task_info from db, is_solved from journal_task. class: DisplayTask
2022-07-09 21:38:29,198 - INFO - views - views.py - To testdb/task.html. class: DisplayTask
2022-07-09 21:38:30,937 - INFO - utils - utils.py - get_context. class: DataMixin
2022-07-09 21:38:30,940 - INFO - views - views.py - Load study_materials, tests and tasks from db. class: ShowCourse
2022-07-09 21:38:32,019 - INFO - utils - utils.py - get_context. class: DataMixin
2022-07-09 21:38:32,083 - INFO - views - views.py - Get all info for displaying test. class: DisplayTest
2022-07-09 21:38:32,083 - INFO - views - views.py - GET Render testdb/test.html, class: DisplayTest
2022-07-09 21:38:43,277 - INFO - utils - utils.py - get_context. class: DataMixin
2022-07-09 21:38:43,296 - INFO - views - views.py - Get all info for displaying test. class: DisplayTest
2022-07-09 21:38:43,296 - INFO - views - views.py - POST from testdb/test.html , class: DisplayTest
2022-07-09 21:38:43,330 - INFO - views - views.py - Render_to_response to testdb/test.html , class: DisplayTest
2022-07-09 21:38:50,900 - INFO - utils - utils.py - get_context. class: DataMixin
2022-07-09 21:38:50,901 - INFO - views - views.py - Load study_materials, tests and tasks from db. class: ShowCourse
2022-07-09 21:38:52,860 - INFO - utils - utils.py - get_context. class: DataMixin
2022-07-09 21:38:52,862 - INFO - views - views.py - Load task_info from db, is_solved from journal_task. class: DisplayTask
2022-07-09 21:38:52,862 - INFO - views - views.py - To testdb/task.html. class: DisplayTask
2022-07-09 21:38:57,246 - INFO - utils - utils.py - get_context. class: DataMixin
2022-07-09 21:38:57,255 - INFO - views - views.py - Load task_info from db, is_solved from journal_task. class: DisplayTask
2022-07-09 21:38:57,265 - INFO - views - views.py - POST from testdb/task.html. class: DisplayTask
2022-07-09 21:39:00,031 - INFO - utils - utils.py - get_context. class: DataMixin
2022-07-09 21:39:00,032 - INFO - views - views.py - Load study_materials, tests and tasks from db. class: ShowCourse
2022-07-09 21:39:01,694 - INFO - utils - utils.py - get_context. class: DataMixin
2022-07-09 21:39:01,700 - INFO - views - views.py - Load task_info from db, is_solved from journal_task. class: DisplayTask
2022-07-09 21:39:01,700 - INFO - views - views.py - To testdb/task.html. class: DisplayTask
2022-07-09 21:39:06,006 - INFO - utils - utils.py - get_context. class: DataMixin
2022-07-09 21:39:06,008 - INFO - views - views.py - Load study_materials, tests and tasks from db. class: ShowCourse
2022-07-09 21:39:07,345 - INFO - utils - utils.py - get_context. class: DataMixin
2022-07-09 21:39:07,355 - INFO - views - views.py - Load task_info from db, is_solved from journal_task. class: DisplayTask
2022-07-09 21:39:07,355 - INFO - views - views.py - To testdb/task.html. class: DisplayTask
2022-07-09 21:39:08,570 - INFO - utils - utils.py - get_context. class: DataMixin
2022-07-09 21:39:08,572 - INFO - views - views.py - Load study_materials, tests and tasks from db. class: ShowCourse
2022-07-09 21:39:09,925 - INFO - utils - utils.py - get_context. class: DataMixin
2022-07-09 21:39:09,935 - INFO - views - views.py - Load task_info from db, is_solved from journal_task. class: DisplayTask
2022-07-09 21:39:09,935 - INFO - views - views.py - To testdb/task.html. class: DisplayTask
2022-07-09 21:39:11,315 - INFO - utils - utils.py - get_context. class: DataMixin
2022-07-09 21:39:11,317 - INFO - views - views.py - Load study_materials, tests and tasks from db. class: ShowCourse
2022-07-09 21:39:12,890 - INFO - utils - utils.py - get_context. class: DataMixin
2022-07-09 21:39:12,893 - INFO - views - views.py - Load task_info from db, is_solved from journal_task. class: DisplayTask
2022-07-09 21:39:12,893 - INFO - views - views.py - To testdb/task.html. class: DisplayTask
2022-07-09 21:39:14,592 - INFO - utils - utils.py - get_context. class: DataMixin
2022-07-09 21:39:14,594 - INFO - views - views.py - Load study_materials, tests and tasks from db. class: ShowCourse
2022-07-09 21:39:15,696 - INFO - utils - utils.py - get_context. class: DataMixin
2022-07-09 21:39:15,698 - INFO - views - views.py - Load task_info from db, is_solved from journal_task. class: DisplayTask
2022-07-09 21:39:15,698 - INFO - views - views.py - To testdb/task.html. class: DisplayTask
2022-07-09 21:39:19,045 - INFO - utils - utils.py - get_context. class: DataMixin
2022-07-09 21:39:19,047 - INFO - views - views.py - Load task_info from db, is_solved from journal_task. class: DisplayTask
2022-07-09 21:39:19,049 - INFO - views - views.py - POST from testdb/task.html. class: DisplayTask
2022-07-09 21:39:21,458 - INFO - utils - utils.py - get_context. class: DataMixin
2022-07-09 21:39:21,459 - INFO - views - views.py - Load study_materials, tests and tasks from db. class: ShowCourse
2022-07-09 21:39:23,221 - INFO - utils - utils.py - get_context. class: DataMixin
2022-07-09 21:39:23,231 - INFO - views - views.py - Load task_info from db, is_solved from journal_task. class: DisplayTask
2022-07-09 21:39:23,232 - INFO - views - views.py - To testdb/task.html. class: DisplayTask
2022-07-09 21:39:25,049 - INFO - utils - utils.py - get_context. class: DataMixin
2022-07-09 21:39:25,049 - INFO - views - views.py - To journal.html page. class: JournalView
2022-07-09 21:39:27,366 - INFO - views - views.py - Query, class: CourseList
2022-07-09 21:39:27,406 - INFO - utils - utils.py - get_context. class: DataMixin
2022-07-09 21:39:29,427 - INFO - utils - utils.py - get_context. class: DataMixin
2022-07-09 21:39:29,427 - INFO - views - views.py - To journal.html page. class: JournalView
2022-07-09 21:39:30,965 - INFO - utils - utils.py - get_context. class: DataMixin
2022-07-09 21:39:30,966 - INFO - views - views.py - Load study_materials, tests and tasks from db. class: ShowCourse
2022-07-09 21:39:32,700 - INFO - utils - utils.py - get_context. class: DataMixin
2022-07-09 21:39:32,712 - INFO - views - views.py - Load task_info from db, is_solved from journal_task. class: DisplayTask
2022-07-09 21:39:32,712 - INFO - views - views.py - To testdb/task.html. class: DisplayTask
2022-07-09 21:39:35,534 - INFO - utils - utils.py - get_context. class: DataMixin
2022-07-09 21:39:35,544 - INFO - views - views.py - Load task_info from db, is_solved from journal_task. class: DisplayTask
2022-07-09 21:39:35,554 - INFO - views - views.py - POST from testdb/task.html. class: DisplayTask
2022-07-09 21:39:37,885 - INFO - utils - utils.py - get_context. class: DataMixin
2022-07-09 21:39:37,888 - INFO - views - views.py - Load study_materials, tests and tasks from db. class: ShowCourse
2022-07-09 21:39:39,243 - INFO - utils - utils.py - get_context. class: DataMixin
2022-07-09 21:39:39,246 - INFO - views - views.py - Load task_info from db, is_solved from journal_task. class: DisplayTask
2022-07-09 21:39:39,246 - INFO - views - views.py - To testdb/task.html. class: DisplayTask
2022-07-09 21:41:35,795 - INFO - utils - utils.py - get_context. class: DataMixin
2022-07-09 21:41:35,799 - INFO - views - views.py - Load task_info from db, is_solved from journal_task. class: DisplayTask
2022-07-09 21:41:35,799 - INFO - views - views.py - To testdb/task.html. class: DisplayTask
2022-07-09 21:41:36,698 - INFO - utils - utils.py - get_context. class: DataMixin
2022-07-09 21:41:36,700 - INFO - views - views.py - Load task_info from db, is_solved from journal_task. class: DisplayTask
2022-07-09 21:41:36,700 - INFO - views - views.py - To testdb/task.html. class: DisplayTask
2022-07-09 21:41:39,918 - INFO - utils - utils.py - get_context. class: DataMixin
2022-07-09 21:41:39,927 - INFO - views - views.py - Load task_info from db, is_solved from journal_task. class: DisplayTask
2022-07-09 21:41:39,995 - INFO - views - views.py - POST from testdb/task.html. class: DisplayTask
2022-07-09 21:41:42,147 - INFO - utils - utils.py - get_context. class: DataMixin
2022-07-09 21:41:42,148 - INFO - views - views.py - Load study_materials, tests and tasks from db. class: ShowCourse
2022-07-09 21:41:43,886 - INFO - utils - utils.py - get_context. class: DataMixin
2022-07-09 21:41:43,896 - INFO - views - views.py - Load task_info from db, is_solved from journal_task. class: DisplayTask
2022-07-09 21:41:43,896 - INFO - views - views.py - To testdb/task.html. class: DisplayTask
2022-07-09 21:41:45,692 - INFO - utils - utils.py - get_context. class: DataMixin
2022-07-09 21:41:45,693 - INFO - views - views.py - To journal.html page. class: JournalView
2022-07-09 21:41:48,025 - INFO - views - views.py - Query, class: CourseList
2022-07-09 21:41:48,065 - INFO - utils - utils.py - get_context. class: DataMixin
